2004.08.25 11:22 B E:\GCB\history-of-band\-working-Misc-historical-facts_may7-2001.txt <-- GCB /public_html/history-of-band -working-Misc-historical-facts_may7-2001.txt
2004.08.25 11:22 B E:\GCB\history-of-band\120th-anniversary.html <-- GCB /public_html/history-of-band 120th-anniversary.html
2004.08.25 11:22 B E:\GCB\history-of-band\band-photographs.html <-- GCB /public_html/history-of-band band-photographs.html
2004.08.25 11:22 B E:\GCB\history-of-band\band_1914.jpg <-- GCB /public_html/history-of-band band_1914.jpg
2004.08.25 11:22 B E:\GCB\history-of-band\band_1937.jpg <-- GCB /public_html/history-of-band band_1937.jpg
2004.08.25 11:22 B E:\GCB\history-of-band\band_1948.jpg <-- GCB /public_html/history-of-band band_1948.jpg
2004.08.25 11:22 B E:\GCB\history-of-band\band_1995_good.jpg <-- GCB /public_html/history-of-band band_1995_good.jpg
2004.08.25 11:22 B E:\GCB\history-of-band\bg_music4.gif <-- GCB /public_html/history-of-band bg_music4.gif
2004.08.25 11:22 B E:\GCB\history-of-band\bill_hughes_1994.gif <-- GCB /public_html/history-of-band bill_hughes_1994.gif
2004.08.25 11:22 B E:\GCB\history-of-band\brief-history.html <-- GCB /public_html/history-of-band brief-history.html
2004.08.25 11:22 B E:\GCB\history-of-band\index.html <-- GCB /public_html/history-of-band index.html
2004.08.25 11:22 B E:\GCB\history-of-band\ken_dearlove_1999.jpg <-- GCB /public_html/history-of-band ken_dearlove_1999.jpg
2004.08.25 11:22 B E:\GCB\history-of-band\lifetime-members.html <-- GCB /public_html/history-of-band lifetime-members.html
2004.08.25 11:22 B E:\GCB\history-of-band\long-history.html <-- GCB /public_html/history-of-band long-history.html
2004.08.25 11:22 B E:\GCB\history-of-band\main.html <-- GCB /public_html/history-of-band main.html
2004.08.25 11:22 B E:\GCB\history-of-band\nav_bar.html <-- GCB /public_html/history-of-band nav_bar.html
2004.08.25 11:22 B E:\GCB\history-of-band\norman_philp_1945.jpg <-- GCB /public_html/history-of-band norman_philp_1945.jpg
2004.08.25 11:22 B E:\GCB\history-of-band\past-conductors.html <-- GCB /public_html/history-of-band past-conductors.html
2004.08.25 11:22 B E:\GCB\history-of-band\ross_irwin_1994_small.jpg <-- GCB /public_html/history-of-band ross_irwin_1994_small.jpg
2004.08.25 11:22 B E:\GCB\history-of-band\tree_planting_1998.jpg <-- GCB /public_html/history-of-band tree_planting_1998.jpg
2010.04.19 21:56 B C:\Inetpub\wwwroot\GCB\history-of-band\-working-Misc-historical-facts_may7-2001.txt --> ftp.cba-ontario.ca /history-of-band -working-Misc-historical-facts_may7-2001.txt
2010.04.19 21:56 B C:\Inetpub\wwwroot\GCB\history-of-band\120th-anniversary.html --> ftp.cba-ontario.ca /history-of-band 120th-anniversary.html
2010.04.19 21:56 B C:\Inetpub\wwwroot\GCB\history-of-band\band-photographs.html --> ftp.cba-ontario.ca /history-of-band band-photographs.html
2010.04.19 21:56 B C:\Inetpub\wwwroot\GCB\history-of-band\band_1914.jpg --> ftp.cba-ontario.ca /history-of-band band_1914.jpg
2010.04.19 21:56 B C:\Inetpub\wwwroot\GCB\history-of-band\band_1937.jpg --> ftp.cba-ontario.ca /history-of-band band_1937.jpg
2010.04.19 21:56 B C:\Inetpub\wwwroot\GCB\history-of-band\band_1948.jpg --> ftp.cba-ontario.ca /history-of-band band_1948.jpg
2010.04.19 21:56 B C:\Inetpub\wwwroot\GCB\history-of-band\band_1995_good.jpg --> ftp.cba-ontario.ca /history-of-band band_1995_good.jpg
2010.04.19 21:56 B C:\Inetpub\wwwroot\GCB\history-of-band\bandphotos.aspx --> ftp.cba-ontario.ca /history-of-band bandphotos.aspx
2010.04.19 21:56 B C:\Inetpub\wwwroot\GCB\history-of-band\bg_music4.gif --> ftp.cba-ontario.ca /history-of-band bg_music4.gif
2010.04.19 21:56 B C:\Inetpub\wwwroot\GCB\history-of-band\bill_hughes_1994.gif --> ftp.cba-ontario.ca /history-of-band bill_hughes_1994.gif
2010.04.19 21:56 B C:\Inetpub\wwwroot\GCB\history-of-band\brief-history.html --> ftp.cba-ontario.ca /history-of-band brief-history.html
2010.04.19 21:56 B C:\Inetpub\wwwroot\GCB\history-of-band\index.html --> ftp.cba-ontario.ca /history-of-band index.html
2010.04.19 21:56 B C:\Inetpub\wwwroot\GCB\history-of-band\ken_dearlove_1999.jpg --> ftp.cba-ontario.ca /history-of-band ken_dearlove_1999.jpg
2010.04.19 21:56 B C:\Inetpub\wwwroot\GCB\history-of-band\lifetime-members.html --> ftp.cba-ontario.ca /history-of-band lifetime-members.html
2010.04.19 21:56 B C:\Inetpub\wwwroot\GCB\history-of-band\long-history.html --> ftp.cba-ontario.ca /history-of-band long-history.html
2010.04.19 21:56 B C:\Inetpub\wwwroot\GCB\history-of-band\main.html --> ftp.cba-ontario.ca /history-of-band main.html
2010.04.19 21:56 B C:\Inetpub\wwwroot\GCB\history-of-band\nav_bar.html --> ftp.cba-ontario.ca /history-of-band nav_bar.html
2010.04.19 21:56 B C:\Inetpub\wwwroot\GCB\history-of-band\norman_philp_1945.jpg --> ftp.cba-ontario.ca /history-of-band norman_philp_1945.jpg
2010.04.19 21:56 B C:\Inetpub\wwwroot\GCB\history-of-band\past-conductors.html --> ftp.cba-ontario.ca /history-of-band past-conductors.html
2010.04.19 21:56 B C:\Inetpub\wwwroot\GCB\history-of-band\ross_irwin_1994_small.jpg --> ftp.cba-ontario.ca /history-of-band ross_irwin_1994_small.jpg
2010.04.19 21:56 B C:\Inetpub\wwwroot\GCB\history-of-band\Thumbs.db --> ftp.cba-ontario.ca /history-of-band Thumbs.db
2010.04.19 21:56 B C:\Inetpub\wwwroot\GCB\history-of-band\tree_planting_1998.jpg --> ftp.cba-ontario.ca /history-of-band tree_planting_1998.jpg
